<?xml version="1.0" encoding="UTF-8"?>
<robot generator="Robot 7.4.2 (Python 3.13.7 on win32)" generated="2026-05-13T19:32:32.611288" rpa="false" schemaversion="5">
<suite id="s1" name="Test" source="D:\DU LIEU\TUDONGHOAQUYTRINH\TuDongHoaQuyTrinh\test.robot">
<test id="s1-t1" name="Login Successfully" line="10">
<kw name="Open Browser" owner="SeleniumLibrary">
<msg time="2026-05-13T19:32:32.986567" level="INFO">Opening browser 'chrome' to base url 'https://automationexercise.com/login'.</msg>
<arg>${URL}</arg>
<arg>chrome</arg>
<doc>Opens a new browser instance to the optional ``url``.</doc>
<status status="PASS" start="2026-05-13T19:32:32.985929" elapsed="15.133287"/>
</kw>
<kw name="Input Text" owner="SeleniumLibrary">
<msg time="2026-05-13T19:32:48.121333" level="INFO">Typing text 'tle723772@gmail.com' into text field 'id:email'.</msg>
<msg time="2026-05-13T19:32:48.300667" level="INFO" html="true">&lt;/td&gt;&lt;/tr&gt;&lt;tr&gt;&lt;td colspan="3"&gt;&lt;a href="selenium-screenshot-1.png"&gt;&lt;img src="selenium-screenshot-1.png" width="800px"&gt;&lt;/a&gt;</msg>
<msg time="2026-05-13T19:32:48.301076" level="FAIL">Element with locator 'id:email' not found.</msg>
<arg>id:email</arg>
<arg>${EMAIL}</arg>
<doc>Types the given ``text`` into the text field identified by ``locator``.</doc>
<status status="FAIL" start="2026-05-13T19:32:48.120594" elapsed="0.186576">Element with locator 'id:email' not found.</status>
</kw>
<kw name="Input Text" owner="SeleniumLibrary">
<arg>id:password</arg>
<arg>${PASSWORD}</arg>
<doc>Types the given ``text`` into the text field identified by ``locator``.</doc>
<status status="NOT RUN" start="2026-05-13T19:32:48.307979" elapsed="0.000101"/>
</kw>
<kw name="Click Button" owner="SeleniumLibrary">
<arg>xpath://button[@data-qa='login-button']</arg>
<doc>Clicks the button identified by ``locator``.</doc>
<status status="NOT RUN" start="2026-05-13T19:32:48.308526" elapsed="0.000100"/>
</kw>
<kw name="Page Should Contain Element" owner="SeleniumLibrary">
<arg>xpath://a[@href='/delete_account']</arg>
<doc>Verifies that element ``locator`` is found on the current page.</doc>
<status status="NOT RUN" start="2026-05-13T19:32:48.309220" elapsed="0.000095"/>
</kw>
<kw name="Close Browser" owner="SeleniumLibrary">
<doc>Closes the current browser.</doc>
<status status="NOT RUN" start="2026-05-13T19:32:48.310162" elapsed="0.000098"/>
</kw>
<status status="FAIL" start="2026-05-13T19:32:32.983815" elapsed="15.327189">Element with locator 'id:email' not found.</status>
</test>
<status status="FAIL" start="2026-05-13T19:32:32.613189" elapsed="15.699778"/>
</suite>
<statistics>
<total>
<stat pass="0" fail="1" skip="0">All Tests</stat>
</total>
<tag>
</tag>
<suite>
<stat name="Test" id="s1" pass="0" fail="1" skip="0">Test</stat>
</suite>
</statistics>
<errors>
</errors>
</robot>
